This is pdfTeX, Version 3.14159265-2.6-1.40.18 (MiKTeX 2.9.6500 64-bit) (preloaded format=pdflatex 2018.6.29)  29 JUN 2018 14:12
entering extended mode
**./SolutionMethodology(1).tex
(SolutionMethodology(1).tex
LaTeX2e <2017-04-15>
Babel <3.15> and hyphenation patterns for 76 language(s) loaded.
("D:\Program Files\MiKTeX 2.9\tex\latex\base\article.cls"
Document Class: article 2014/09/29 v1.4h Standard LaTeX document class
("D:\Program Files\MiKTeX 2.9\tex\latex\base\size10.clo"
File: size10.clo 2014/09/29 v1.4h Standard LaTeX file (size option)
)
\c@part=\count79
\c@section=\count80
\c@subsection=\count81
\c@subsubsection=\count82
\c@paragraph=\count83
\c@subparagraph=\count84
\c@figure=\count85
\c@table=\count86
\abovecaptionskip=\skip41
\belowcaptionskip=\skip42
\bibindent=\dimen102
)
No file SolutionMethodology(1).aux.
\openout1 = `SolutionMethodology(1).aux'.

LaTeX Font Info:    Checking defaults for OML/cmm/m/it on input line 11.
LaTeX Font Info:    ... okay on input line 11.
LaTeX Font Info:    Checking defaults for T1/cmr/m/n on input line 11.
LaTeX Font Info:    ... okay on input line 11.
LaTeX Font Info:    Checking defaults for OT1/cmr/m/n on input line 11.
LaTeX Font Info:    ... okay on input line 11.
LaTeX Font Info:    Checking defaults for OMS/cmsy/m/n on input line 11.
LaTeX Font Info:    ... okay on input line 11.
LaTeX Font Info:    Checking defaults for OMX/cmex/m/n on input line 11.
LaTeX Font Info:    ... okay on input line 11.
LaTeX Font Info:    Checking defaults for U/cmr/m/n on input line 11.
LaTeX Font Info:    ... okay on input line 11.
LaTeX Font Info:    External font `cmex10' loaded for size
(Font)              <12> on input line 13.
LaTeX Font Info:    External font `cmex10' loaded for size
(Font)              <8> on input line 13.
LaTeX Font Info:    External font `cmex10' loaded for size
(Font)              <6> on input line 13.

! LaTeX Error: There's no line here to end.

See the LaTeX manual or LaTeX Companion for explanation.
Type  H <return>  for immediate help.
 ...                                              
                                                  
l.17 \vspace{2ex} \\
                    
Your command was ignored.
Type  I <command> <return>  to replace it with another command,
or  <return>  to continue without it.


Overfull \hbox (2.80959pt too wide) in paragraph at lines 29--29
[]\OT1/cmr/bx/n/14.4 Experimental Setup (Dataset, Soft-ware, Hard-
 []

[1

{C:/Users/Anil/AppData/Local/MiKTeX/2.9/pdftex/config/pdftex.map}]
(SolutionMethodology(1).aux) ) 
Here is how much of TeX's memory you used:
 228 strings out of 493308
 2550 string characters out of 3138771
 55789 words of memory out of 3000000
 3855 multiletter control sequences out of 15000+200000
 7587 words of font info for 27 fonts, out of 3000000 for 9000
 1141 hyphenation exceptions out of 8191
 23i,6n,17p,272b,187s stack positions out of 5000i,500n,10000p,200000b,50000s
<D:/Program Files/MiKTeX 2.9/fonts/type1/public/a
msfonts/cm/cmbx12.pfb><D:/Program Files/MiKTeX 2.9/fonts/type1/public/amsfonts/
cm/cmr10.pfb><D:/Program Files/MiKTeX 2.9/fonts/type1/public/amsfonts/cm/cmr12.
pfb><D:/Program Files/MiKTeX 2.9/fonts/type1/public/amsfonts/cm/cmr17.pfb>
Output written on SolutionMethodology(1).pdf (1 page, 50517 bytes).
PDF statistics:
 22 PDF objects out of 1000 (max. 8388607)
 0 named destinations out of 1000 (max. 500000)
 1 words of extra memory for PDF output out of 10000 (max. 10000000)

